<?xml version="1.0" encoding="UTF-8"?>
<!-- Generated by org.testng.reporters.JUnitReportReporter -->
<testsuite hostname="GAGGU" failures="0" tests="1" name="Test_scipt.sample" time="0.010" errors="0" timestamp="2023-10-26T09:25:23 IST" skipped="0">
  <testcase classname="Test_scipt.sample" name="test1" time="0.010"/>
</testsuite> <!-- Test_scipt.sample -->
