<?xml version="1.0" encoding="UTF-8"?>
<!-- Generated by org.testng.reporters.JUnitReportReporter -->
<testsuite hostname="GAGGU" failures="0" tests="1" name="Test_scipt.login_facebook" time="19.251" errors="0" timestamp="2023-10-26T10:36:33 IST" skipped="0">
  <testcase classname="Test_scipt.login_facebook" name="tes12" time="19.251"/>
</testsuite> <!-- Test_scipt.login_facebook -->
